This file contains any messages produced by compilers while
running configure, to aid debugging if configure makes a mistake.

It was created by configure, which was
generated by GNU Autoconf 2.65.  Invocation command line was

  $ ./configure --no-create --no-recursion

## --------- ##
## Platform. ##
## --------- ##

hostname = persil
uname -m = x86_64
uname -r = 2.6.37-7-desktop
uname -s = Linux
uname -v = #1 SMP PREEMPT 2011-02-04 21:49:30 +0100

/usr/bin/uname -p = unknown
/bin/uname -X     = unknown

/bin/arch              = x86_64
/usr/bin/arch -k       = unknown
/usr/convex/getsysinfo = unknown
/usr/bin/hostinfo      = unknown
/bin/machine           = unknown
/usr/bin/oslevel       = unknown
/bin/universe          = unknown

PATH: /home/peter/Downloads/rdock/2006.1/bin
PATH: /home/peter/Downloads/rdock/2006.1/bin
PATH: /home/peter/Downloads/rdock/2006.1/bin
PATH: /usr/lib64/mpi/gcc/openmpi/bin
PATH: /usr/local/bin
PATH: /usr/bin
PATH: /bin
PATH: /usr/bin/X11
PATH: /usr/X11R6/bin
PATH: /usr/games
PATH: /opt/kde3/bin
PATH: /usr/lib64/jvm/jre/bin
PATH: /usr/NX/bin
PATH: /usr/local/cuda/bin
PATH: /usr/sbin
PATH: /usr/local/cuda/bin
PATH: /home/peter/Downloads/surfrace
PATH: /usr/local/cuda/bin
PATH: /usr/local/chimera/bin
PATH: /usr/local/moe2011/bin
PATH: /home/peter/Downloads/NAMD_CVS-2011-11-20_Linux-x86_64
PATH: /usr/sbin
PATH: /usr/local/cuda/bin
PATH: /home/peter/Downloads/surfrace
PATH: /usr/local/cuda/bin
PATH: /usr/local/chimera/bin
PATH: /usr/local/moe2011/bin
PATH: /home/peter/Downloads/NAMD_CVS-2011-11-20_Linux-x86_64
PATH: /usr/local/cuda/bin
PATH: /home/peter/Downloads/surfrace
PATH: /usr/local/cuda/bin
PATH: /usr/local/chimera/bin
PATH: /usr/local/moe2011/bin
PATH: /home/peter/Downloads/NAMD_CVS-2011-11-20_Linux-x86_64


## ----------- ##
## Core tests. ##
## ----------- ##

configure:2835: checking build system type
configure:2849: result: x86_64-unknown-linux-gnu
configure:2869: checking host system type
configure:2882: result: x86_64-unknown-linux-gnu
configure:2902: checking target system type
configure:2915: result: x86_64-unknown-linux-gnu
configure:2960: checking for a BSD-compatible install
configure:3028: result: /usr/bin/install -c
configure:3039: checking whether build environment is sane
configure:3076: result: yes
configure:3138: checking for gawk
configure:3154: found /usr/bin/gawk
configure:3165: result: gawk
configure:3176: checking whether make sets $(MAKE)
configure:3198: result: yes
configure:3404: checking for style of include used by make
configure:3432: result: GNU
configure:3505: checking for gcc
configure:3521: found /usr/bin/gcc
configure:3532: result: gcc
configure:3761: checking for C compiler version
configure:3770: gcc --version >&5
gcc (SUSE Linux) 4.5.0 20100604 [gcc-4_5-branch revision 160292]
Copyright (C) 2010 Free Software Foundation, Inc.
This is free software; see the source for copying conditions.  There is NO
warranty; not even for MERCHANTABILITY or FITNESS FOR A PARTICULAR PURPOSE.

configure:3781: $? = 0
configure:3770: gcc -v >&5
Using built-in specs.
COLLECT_GCC=gcc
COLLECT_LTO_WRAPPER=/usr/lib64/gcc/x86_64-suse-linux/4.5/lto-wrapper
Target: x86_64-suse-linux
Configured with: ../configure --prefix=/usr --infodir=/usr/share/info --mandir=/usr/share/man --libdir=/usr/lib64 --libexecdir=/usr/lib64 --enable-languages=c,c++,objc,fortran,obj-c++,java,ada --enable-checking=release --with-gxx-include-dir=/usr/include/c++/4.5 --enable-ssp --disable-libssp --disable-plugin --with-bugurl=http://bugs.opensuse.org/ --with-pkgversion='SUSE Linux' --disable-libgcj --disable-libmudflap --with-slibdir=/lib64 --with-system-zlib --enable-__cxa_atexit --enable-libstdcxx-allocator=new --disable-libstdcxx-pch --enable-version-specific-runtime-libs --program-suffix=-4.5 --enable-linux-futex --without-system-libunwind --enable-gold --with-plugin-ld=/usr/bin/gold --with-arch-32=i586 --with-tune=generic --build=x86_64-suse-linux
Thread model: posix
gcc version 4.5.0 20100604 [gcc-4_5-branch revision 160292] (SUSE Linux) 
configure:3781: $? = 0
configure:3770: gcc -V >&5
gcc: '-V' option must have argument
configure:3781: $? = 1
configure:3770: gcc -qversion >&5
gcc: unrecognized option '-qversion'
gcc: no input files
configure:3781: $? = 1
configure:3801: checking whether the C compiler works
configure:3823: gcc    conftest.c  >&5
configure:3827: $? = 0
configure:3876: result: yes
configure:3879: checking for C compiler default output file name
configure:3881: result: a.out
configure:3887: checking for suffix of executables
configure:3894: gcc -o conftest    conftest.c  >&5
configure:3898: $? = 0
configure:3920: result: 
configure:3942: checking whether we are cross compiling
configure:3950: gcc -o conftest    conftest.c  >&5
configure:3954: $? = 0
configure:3961: ./conftest
configure:3965: $? = 0
configure:3980: result: no
configure:3985: checking for suffix of object files
configure:4007: gcc -c   conftest.c >&5
configure:4011: $? = 0
configure:4032: result: o
configure:4036: checking whether we are using the GNU C compiler
configure:4055: gcc -c   conftest.c >&5
configure:4055: $? = 0
configure:4064: result: yes
configure:4073: checking whether gcc accepts -g
configure:4093: gcc -c -g  conftest.c >&5
configure:4093: $? = 0
configure:4134: result: yes
configure:4151: checking for gcc option to accept ISO C89
configure:4215: gcc  -c -g -O2  conftest.c >&5
configure:4215: $? = 0
configure:4228: result: none needed
configure:4250: checking dependency style of gcc
configure:4340: result: gcc3
configure:4358: checking for library containing strerror
configure:4389: gcc -o conftest -g -O2   conftest.c  >&5
configure:4389: $? = 0
configure:4406: result: none required
configure:4463: checking for gcc
configure:4490: result: gcc
configure:4719: checking for C compiler version
configure:4728: gcc --version >&5
gcc (SUSE Linux) 4.5.0 20100604 [gcc-4_5-branch revision 160292]
Copyright (C) 2010 Free Software Foundation, Inc.
This is free software; see the source for copying conditions.  There is NO
warranty; not even for MERCHANTABILITY or FITNESS FOR A PARTICULAR PURPOSE.

configure:4739: $? = 0
configure:4728: gcc -v >&5
Using built-in specs.
COLLECT_GCC=gcc
COLLECT_LTO_WRAPPER=/usr/lib64/gcc/x86_64-suse-linux/4.5/lto-wrapper
Target: x86_64-suse-linux
Configured with: ../configure --prefix=/usr --infodir=/usr/share/info --mandir=/usr/share/man --libdir=/usr/lib64 --libexecdir=/usr/lib64 --enable-languages=c,c++,objc,fortran,obj-c++,java,ada --enable-checking=release --with-gxx-include-dir=/usr/include/c++/4.5 --enable-ssp --disable-libssp --disable-plugin --with-bugurl=http://bugs.opensuse.org/ --with-pkgversion='SUSE Linux' --disable-libgcj --disable-libmudflap --with-slibdir=/lib64 --with-system-zlib --enable-__cxa_atexit --enable-libstdcxx-allocator=new --disable-libstdcxx-pch --enable-version-specific-runtime-libs --program-suffix=-4.5 --enable-linux-futex --without-system-libunwind --enable-gold --with-plugin-ld=/usr/bin/gold --with-arch-32=i586 --with-tune=generic --build=x86_64-suse-linux
Thread model: posix
gcc version 4.5.0 20100604 [gcc-4_5-branch revision 160292] (SUSE Linux) 
configure:4739: $? = 0
configure:4728: gcc -V >&5
gcc: '-V' option must have argument
configure:4739: $? = 1
configure:4728: gcc -qversion >&5
gcc: unrecognized option '-qversion'
gcc: no input files
configure:4739: $? = 1
configure:4743: checking whether we are using the GNU C compiler
configure:4771: result: yes
configure:4780: checking whether gcc accepts -g
configure:4841: result: yes
configure:4858: checking for gcc option to accept ISO C89
configure:4935: result: none needed
configure:4957: checking dependency style of gcc
configure:5047: result: gcc3
configure:5069: checking how to run the C preprocessor
configure:5100: gcc -E  conftest.c
configure:5100: $? = 0
configure:5114: gcc -E  conftest.c
conftest.c:11:28: fatal error: ac_nonexistent.h: No such file or directory
compilation terminated.
configure:5114: $? = 1
configure: failed program was:
| /* confdefs.h */
| #define PACKAGE_NAME ""
| #define PACKAGE_TARNAME ""
| #define PACKAGE_VERSION ""
| #define PACKAGE_STRING ""
| #define PACKAGE_BUGREPORT ""
| #define PACKAGE_URL ""
| #define PACKAGE "popt"
| #define VERSION "1.10.4"
| /* end confdefs.h.  */
| #include <ac_nonexistent.h>
configure:5139: result: gcc -E
configure:5159: gcc -E  conftest.c
configure:5159: $? = 0
configure:5173: gcc -E  conftest.c
conftest.c:11:28: fatal error: ac_nonexistent.h: No such file or directory
compilation terminated.
configure:5173: $? = 1
configure: failed program was:
| /* confdefs.h */
| #define PACKAGE_NAME ""
| #define PACKAGE_TARNAME ""
| #define PACKAGE_VERSION ""
| #define PACKAGE_STRING ""
| #define PACKAGE_BUGREPORT ""
| #define PACKAGE_URL ""
| #define PACKAGE "popt"
| #define VERSION "1.10.4"
| /* end confdefs.h.  */
| #include <ac_nonexistent.h>
configure:5202: checking for grep that handles long lines and -e
configure:5260: result: /usr/bin/grep
configure:5265: checking for egrep
configure:5327: result: /usr/bin/grep -E
configure:5333: checking whether gcc needs -traditional
configure:5367: result: no
configure:5374: checking for function prototypes
configure:5377: result: yes
configure:5390: checking for ANSI C header files
configure:5410: gcc -c -g -O2  conftest.c >&5
configure:5410: $? = 0
configure:5483: gcc -o conftest -g -O2   conftest.c  >&5
configure:5483: $? = 0
configure:5483: ./conftest
configure:5483: $? = 0
configure:5494: result: yes
configure:5507: checking for sys/types.h
configure:5507: gcc -c -g -O2  conftest.c >&5
configure:5507: $? = 0
configure:5507: result: yes
configure:5507: checking for sys/stat.h
configure:5507: gcc -c -g -O2  conftest.c >&5
configure:5507: $? = 0
configure:5507: result: yes
configure:5507: checking for stdlib.h
configure:5507: gcc -c -g -O2  conftest.c >&5
configure:5507: $? = 0
configure:5507: result: yes
configure:5507: checking for string.h
configure:5507: gcc -c -g -O2  conftest.c >&5
configure:5507: $? = 0
configure:5507: result: yes
configure:5507: checking for memory.h
configure:5507: gcc -c -g -O2  conftest.c >&5
configure:5507: $? = 0
configure:5507: result: yes
configure:5507: checking for strings.h
configure:5507: gcc -c -g -O2  conftest.c >&5
configure:5507: $? = 0
configure:5507: result: yes
configure:5507: checking for inttypes.h
configure:5507: gcc -c -g -O2  conftest.c >&5
configure:5507: $? = 0
configure:5507: result: yes
configure:5507: checking for stdint.h
configure:5507: gcc -c -g -O2  conftest.c >&5
configure:5507: $? = 0
configure:5507: result: yes
configure:5507: checking for unistd.h
configure:5507: gcc -c -g -O2  conftest.c >&5
configure:5507: $? = 0
configure:5507: result: yes
configure:5530: checking for string.h
configure:5530: result: yes
configure:5548: checking for special C compiler options needed for large files
configure:5593: result: no
configure:5599: checking for _FILE_OFFSET_BITS value needed for large files
configure:5624: gcc -c -g -O2  conftest.c >&5
configure:5624: $? = 0
configure:5656: result: no
configure:5812: checking for a sed that does not truncate output
configure:5866: result: /usr/bin/sed
configure:5880: checking for ld used by gcc
configure:5947: result: /usr/x86_64-suse-linux/bin/ld
configure:5954: checking if the linker (/usr/x86_64-suse-linux/bin/ld) is GNU ld
configure:5969: result: yes
configure:5974: checking for /usr/x86_64-suse-linux/bin/ld option to reload object files
configure:5981: result: -r
configure:5999: checking for BSD-compatible nm
configure:6048: result: /usr/bin/nm -B
configure:6052: checking whether ln -s works
configure:6056: result: yes
configure:6063: checking how to recognise dependent libraries
configure:6239: result: pass_all
configure:6326: gcc -c -g -O2  conftest.c >&5
configure:6329: $? = 0
configure:6444: checking dlfcn.h usability
configure:6444: gcc -c -g -O2  conftest.c >&5
configure:6444: $? = 0
configure:6444: result: yes
configure:6444: checking dlfcn.h presence
configure:6444: gcc -E  conftest.c
configure:6444: $? = 0
configure:6444: result: yes
configure:6444: checking for dlfcn.h
configure:6444: result: yes
configure:6512: checking for g++
configure:6528: found /usr/bin/g++
configure:6539: result: g++
configure:6566: checking for C++ compiler version
configure:6575: g++ --version >&5
g++ (SUSE Linux) 4.5.0 20100604 [gcc-4_5-branch revision 160292]
Copyright (C) 2010 Free Software Foundation, Inc.
This is free software; see the source for copying conditions.  There is NO
warranty; not even for MERCHANTABILITY or FITNESS FOR A PARTICULAR PURPOSE.

configure:6586: $? = 0
configure:6575: g++ -v >&5
Using built-in specs.
COLLECT_GCC=g++
COLLECT_LTO_WRAPPER=/usr/lib64/gcc/x86_64-suse-linux/4.5/lto-wrapper
Target: x86_64-suse-linux
Configured with: ../configure --prefix=/usr --infodir=/usr/share/info --mandir=/usr/share/man --libdir=/usr/lib64 --libexecdir=/usr/lib64 --enable-languages=c,c++,objc,fortran,obj-c++,java,ada --enable-checking=release --with-gxx-include-dir=/usr/include/c++/4.5 --enable-ssp --disable-libssp --disable-plugin --with-bugurl=http://bugs.opensuse.org/ --with-pkgversion='SUSE Linux' --disable-libgcj --disable-libmudflap --with-slibdir=/lib64 --with-system-zlib --enable-__cxa_atexit --enable-libstdcxx-allocator=new --disable-libstdcxx-pch --enable-version-specific-runtime-libs --program-suffix=-4.5 --enable-linux-futex --without-system-libunwind --enable-gold --with-plugin-ld=/usr/bin/gold --with-arch-32=i586 --with-tune=generic --build=x86_64-suse-linux
Thread model: posix
gcc version 4.5.0 20100604 [gcc-4_5-branch revision 160292] (SUSE Linux) 
configure:6586: $? = 0
configure:6575: g++ -V >&5
g++: '-V' option must have argument
configure:6586: $? = 1
configure:6575: g++ -qversion >&5
g++: unrecognized option '-qversion'
g++: no input files
configure:6586: $? = 1
configure:6590: checking whether we are using the GNU C++ compiler
configure:6609: g++ -c   conftest.cpp >&5
configure:6609: $? = 0
configure:6618: result: yes
configure:6627: checking whether g++ accepts -g
configure:6647: g++ -c -g  conftest.cpp >&5
configure:6647: $? = 0
configure:6688: result: yes
configure:6713: checking dependency style of g++
configure:6803: result: gcc3
configure:6830: checking how to run the C++ preprocessor
configure:6857: g++ -E  conftest.cpp
configure:6857: $? = 0
configure:6871: g++ -E  conftest.cpp
conftest.cpp:25:28: fatal error: ac_nonexistent.h: No such file or directory
compilation terminated.
configure:6871: $? = 1
configure: failed program was:
| /* confdefs.h */
| #define PACKAGE_NAME ""
| #define PACKAGE_TARNAME ""
| #define PACKAGE_VERSION ""
| #define PACKAGE_STRING ""
| #define PACKAGE_BUGREPORT ""
| #define PACKAGE_URL ""
| #define PACKAGE "popt"
| #define VERSION "1.10.4"
| #define PROTOTYPES 1
| #define __PROTOTYPES 1
| #define STDC_HEADERS 1
| #define HAVE_SYS_TYPES_H 1
| #define HAVE_SYS_STAT_H 1
| #define HAVE_STDLIB_H 1
| #define HAVE_STRING_H 1
| #define HAVE_MEMORY_H 1
| #define HAVE_STRINGS_H 1
| #define HAVE_INTTYPES_H 1
| #define HAVE_STDINT_H 1
| #define HAVE_UNISTD_H 1
| #define HAVE_STRING_H 1
| #define HAVE_DLFCN_H 1
| /* end confdefs.h.  */
| #include <ac_nonexistent.h>
configure:6896: result: g++ -E
configure:6916: g++ -E  conftest.cpp
configure:6916: $? = 0
configure:6930: g++ -E  conftest.cpp
conftest.cpp:25:28: fatal error: ac_nonexistent.h: No such file or directory
compilation terminated.
configure:6930: $? = 1
configure: failed program was:
| /* confdefs.h */
| #define PACKAGE_NAME ""
| #define PACKAGE_TARNAME ""
| #define PACKAGE_VERSION ""
| #define PACKAGE_STRING ""
| #define PACKAGE_BUGREPORT ""
| #define PACKAGE_URL ""
| #define PACKAGE "popt"
| #define VERSION "1.10.4"
| #define PROTOTYPES 1
| #define __PROTOTYPES 1
| #define STDC_HEADERS 1
| #define HAVE_SYS_TYPES_H 1
| #define HAVE_SYS_STAT_H 1
| #define HAVE_STDLIB_H 1
| #define HAVE_STRING_H 1
| #define HAVE_MEMORY_H 1
| #define HAVE_STRINGS_H 1
| #define HAVE_INTTYPES_H 1
| #define HAVE_STDINT_H 1
| #define HAVE_UNISTD_H 1
| #define HAVE_STRING_H 1
| #define HAVE_DLFCN_H 1
| /* end confdefs.h.  */
| #include <ac_nonexistent.h>
configure:7014: checking for g77
configure:7044: result: no
configure:7014: checking for xlf
configure:7044: result: no
configure:7014: checking for f77
configure:7044: result: no
configure:7014: checking for frt
configure:7044: result: no
configure:7014: checking for pgf77
configure:7044: result: no
configure:7014: checking for cf77
configure:7044: result: no
configure:7014: checking for fort77
configure:7044: result: no
configure:7014: checking for fl32
configure:7044: result: no
configure:7014: checking for af77
configure:7044: result: no
configure:7014: checking for xlf90
configure:7044: result: no
configure:7014: checking for f90
configure:7044: result: no
configure:7014: checking for pgf90
configure:7044: result: no
configure:7014: checking for pghpf
configure:7044: result: no
configure:7014: checking for epcf90
configure:7044: result: no
configure:7014: checking for gfortran
configure:7030: found /usr/bin/gfortran
configure:7041: result: gfortran
configure:7067: checking for Fortran 77 compiler version
configure:7076: gfortran --version >&5
GNU Fortran (SUSE Linux) 4.5.0 20100604 [gcc-4_5-branch revision 160292]
Copyright (C) 2010 Free Software Foundation, Inc.

GNU Fortran comes with NO WARRANTY, to the extent permitted by law.
You may redistribute copies of GNU Fortran
under the terms of the GNU General Public License.
For more information about these matters, see the file named COPYING

configure:7087: $? = 0
configure:7076: gfortran -v >&5
Using built-in specs.
COLLECT_GCC=gfortran
COLLECT_LTO_WRAPPER=/usr/lib64/gcc/x86_64-suse-linux/4.5/lto-wrapper
Target: x86_64-suse-linux
Configured with: ../configure --prefix=/usr --infodir=/usr/share/info --mandir=/usr/share/man --libdir=/usr/lib64 --libexecdir=/usr/lib64 --enable-languages=c,c++,objc,fortran,obj-c++,java,ada --enable-checking=release --with-gxx-include-dir=/usr/include/c++/4.5 --enable-ssp --disable-libssp --disable-plugin --with-bugurl=http://bugs.opensuse.org/ --with-pkgversion='SUSE Linux' --disable-libgcj --disable-libmudflap --with-slibdir=/lib64 --with-system-zlib --enable-__cxa_atexit --enable-libstdcxx-allocator=new --disable-libstdcxx-pch --enable-version-specific-runtime-libs --program-suffix=-4.5 --enable-linux-futex --without-system-libunwind --enable-gold --with-plugin-ld=/usr/bin/gold --with-arch-32=i586 --with-tune=generic --build=x86_64-suse-linux
Thread model: posix
gcc version 4.5.0 20100604 [gcc-4_5-branch revision 160292] (SUSE Linux) 
configure:7087: $? = 0
configure:7076: gfortran -V >&5
gfortran: '-V' option must have argument
configure:7087: $? = 1
configure:7076: gfortran -qversion >&5
gfortran: unrecognized option '-qversion'
gfortran: no input files
configure:7087: $? = 1
configure:7096: checking whether we are using the GNU Fortran 77 compiler
configure:7109: gfortran -c  conftest.F >&5
configure:7109: $? = 0
configure:7118: result: yes
configure:7124: checking whether gfortran accepts -g
configure:7135: gfortran -c -g conftest.f >&5
configure:7135: $? = 0
configure:7143: result: yes
configure:7177: checking the maximum length of command line arguments
configure:7286: result: 32768
configure:7297: checking command to parse /usr/bin/nm -B output from gcc object
configure:7402: gcc -c -g -O2  conftest.c >&5
configure:7405: $? = 0
configure:7409: /usr/bin/nm -B conftest.o \| sed -n -e 's/^.*[ 	]\([ABCDGIRSTW][ABCDGIRSTW]*\)[ 	][ 	]*\([_A-Za-z][_A-Za-z0-9]*\)$/\1 \2 \2/p' \> conftest.nm
configure:7412: $? = 0
configure:7464: gcc -o conftest -g -O2   conftest.c conftstm.o >&5
configure:7467: $? = 0
configure:7505: result: ok
configure:7509: checking for objdir
configure:7524: result: .libs
configure:7616: checking for ar
configure:7632: found /usr/bin/ar
configure:7643: result: ar
configure:7708: checking for ranlib
configure:7724: found /usr/bin/ranlib
configure:7735: result: ranlib
configure:7800: checking for strip
configure:7816: found /usr/bin/strip
configure:7827: result: strip
configure:8109: checking if gcc supports -fno-rtti -fno-exceptions
configure:8127: gcc -c -g -O2  -fno-rtti -fno-exceptions conftest.c >&5
cc1: warning: command line option "-fno-rtti" is valid for C++/ObjC++ but not for C
configure:8131: $? = 0
configure:8144: result: no
configure:8159: checking for gcc option to produce PIC
configure:8369: result: -fPIC
configure:8377: checking if gcc PIC flag -fPIC works
configure:8395: gcc -c -g -O2  -fPIC -DPIC conftest.c >&5
configure:8399: $? = 0
configure:8412: result: yes
configure:8440: checking if gcc static flag -static works
configure:8468: result: yes
configure:8478: checking if gcc supports -c -o file.o
configure:8499: gcc -c -g -O2  -o out/conftest2.o conftest.c >&5
configure:8503: $? = 0
configure:8525: result: yes
configure:8551: checking whether the gcc linker (/usr/x86_64-suse-linux/bin/ld -m elf_x86_64) supports shared libraries
configure:9451: result: yes
configure:9472: checking whether -lc should be explicitly linked in
configure:9477: gcc -c -g -O2  conftest.c >&5
configure:9480: $? = 0
configure:9495: gcc -shared conftest.o  -v -Wl,-soname -Wl,conftest -o conftest 2\>\&1 \| grep  -lc  \>/dev/null 2\>\&1
configure:9498: $? = 0
configure:9510: result: no
configure:9518: checking dynamic linker characteristics
configure:9911: gcc -c -g -O2  conftest.c >&5
configure:9914: $? = 0
configure:10127: result: GNU/Linux ld.so
configure:10136: checking how to hardcode library paths into programs
configure:10161: result: immediate
configure:10175: checking whether stripping libraries is possible
configure:10180: result: yes
configure:10696: checking if libtool supports shared libraries
configure:10698: result: yes
configure:10701: checking whether to build shared libraries
configure:10722: result: yes
configure:10725: checking whether to build static libraries
configure:10729: result: yes
configure:10821: creating libtool
configure:11405: checking for ld used by g++
configure:11472: result: /usr/x86_64-suse-linux/bin/ld -m elf_x86_64
configure:11479: checking if the linker (/usr/x86_64-suse-linux/bin/ld -m elf_x86_64) is GNU ld
configure:11494: result: yes
configure:11545: checking whether the g++ linker (/usr/x86_64-suse-linux/bin/ld -m elf_x86_64) supports shared libraries
configure:12425: result: yes
configure:12443: g++ -c -g -O2  conftest.cpp >&5
configure:12446: $? = 0
configure:12565: checking for g++ option to produce PIC
configure:12839: result: -fPIC
configure:12847: checking if g++ PIC flag -fPIC works
configure:12865: g++ -c -g -O2  -fPIC -DPIC conftest.cpp >&5
configure:12869: $? = 0
configure:12882: result: yes
configure:12910: checking if g++ static flag -static works
configure:12938: result: yes
configure:12948: checking if g++ supports -c -o file.o
configure:12969: g++ -c -g -O2  -o out/conftest2.o conftest.cpp >&5
configure:12973: $? = 0
configure:12995: result: yes
configure:13021: checking whether the g++ linker (/usr/x86_64-suse-linux/bin/ld -m elf_x86_64) supports shared libraries
configure:13046: result: yes
configure:13113: checking dynamic linker characteristics
configure:13506: g++ -c -g -O2  conftest.cpp >&5
configure:13509: $? = 0
configure:13722: result: GNU/Linux ld.so
configure:13731: checking how to hardcode library paths into programs
configure:13756: result: immediate
configure:14282: checking if libtool supports shared libraries
configure:14284: result: yes
configure:14287: checking whether to build shared libraries
configure:14307: result: yes
configure:14310: checking whether to build static libraries
configure:14314: result: yes
configure:14324: checking for gfortran option to produce PIC
configure:14534: result: -fPIC
configure:14542: checking if gfortran PIC flag -fPIC works
configure:14560: gfortran -c -g -O2 -fPIC conftest.f >&5
configure:14564: $? = 0
configure:14577: result: yes
configure:14605: checking if gfortran static flag -static works
configure:14633: result: yes
configure:14643: checking if gfortran supports -c -o file.o
configure:14664: gfortran -c -g -O2 -o out/conftest2.o conftest.f >&5
configure:14668: $? = 0
configure:14690: result: yes
configure:14716: checking whether the gfortran linker (/usr/x86_64-suse-linux/bin/ld -m elf_x86_64) supports shared libraries
configure:15604: result: yes
configure:15671: checking dynamic linker characteristics
configure:16064: gfortran -c -g -O2 conftest.f >&5
Warning: conftest.f:1: Illegal preprocessor directive
configure:16067: $? = 0
configure:16280: result: GNU/Linux ld.so
configure:16289: checking how to hardcode library paths into programs
configure:16314: result: immediate
configure:19872: checking alloca.h usability
configure:19872: gcc -c -Wall -g -O2  conftest.c >&5
configure:19872: $? = 0
configure:19872: result: yes
configure:19872: checking alloca.h presence
configure:19872: gcc -E  conftest.c
configure:19872: $? = 0
configure:19872: result: yes
configure:19872: checking for alloca.h
configure:19872: result: yes
configure:19872: checking float.h usability
configure:19872: gcc -c -Wall -g -O2  conftest.c >&5
configure:19872: $? = 0
configure:19872: result: yes
configure:19872: checking float.h presence
configure:19872: gcc -E  conftest.c
configure:19872: $? = 0
configure:19872: result: yes
configure:19872: checking for float.h
configure:19872: result: yes
configure:19872: checking libintl.h usability
configure:19872: gcc -c -Wall -g -O2  conftest.c >&5
configure:19872: $? = 0
configure:19872: result: yes
configure:19872: checking libintl.h presence
configure:19872: gcc -E  conftest.c
configure:19872: $? = 0
configure:19872: result: yes
configure:19872: checking for libintl.h
configure:19872: result: yes
configure:19872: checking mcheck.h usability
configure:19872: gcc -c -Wall -g -O2  conftest.c >&5
configure:19872: $? = 0
configure:19872: result: yes
configure:19872: checking mcheck.h presence
configure:19872: gcc -E  conftest.c
configure:19872: $? = 0
configure:19872: result: yes
configure:19872: checking for mcheck.h
configure:19872: result: yes
configure:19872: checking for unistd.h
configure:19872: result: yes
configure:19883: checking for /usr/ucblib in LIBS
configure:19895: result: no
configure:19930: checking for GNU xgettext
configure:19935: result: yes
configure:19939: checking for setreuid
configure:19939: gcc -o conftest -Wall -g -O2   conftest.c  >&5
configure:19939: $? = 0
configure:19939: result: yes
configure:19990: checking for getuid
configure:19990: gcc -o conftest -Wall -g -O2   conftest.c  >&5
configure:19990: $? = 0
configure:19990: result: yes
configure:19990: checking for geteuid
configure:19990: gcc -o conftest -Wall -g -O2   conftest.c  >&5
configure:19990: $? = 0
configure:19990: result: yes
configure:19990: checking for mtrace
configure:19990: gcc -o conftest -Wall -g -O2   conftest.c  >&5
configure:19990: $? = 0
configure:19990: result: yes
configure:19990: checking for __secure_getenv
configure:19990: gcc -o conftest -Wall -g -O2   conftest.c  >&5
configure:19990: $? = 0
configure:19990: result: yes
configure:19990: checking for setregid
configure:19990: gcc -o conftest -Wall -g -O2   conftest.c  >&5
configure:19990: $? = 0
configure:19990: result: yes
configure:19990: checking for strerror
configure:19990: gcc -o conftest -Wall -g -O2   conftest.c  >&5
configure:19990: $? = 0
configure:19990: result: yes
configure:20017: checking whether NLS is requested
configure:20026: result: yes
configure:20064: checking for msgfmt
configure: trying /usr/local/bin/msgfmt...
0 translated messages.
configure:20096: result: /usr/local/bin/msgfmt
configure:20105: checking for gmsgfmt
configure:20136: result: /usr/local/bin/msgfmt
configure:20176: checking for xgettext
configure: trying /usr/local/bin/xgettext...
/usr/local/bin/xgettext: warning: file `/dev/null' extension `' is unknown; will try C
configure:20208: result: /usr/local/bin/xgettext
configure:20248: checking for msgmerge
configure: trying /usr/local/bin/msgmerge...
configure:20279: result: /usr/local/bin/msgmerge
configure:20315: checking whether we are using the GNU C Library 2 or newer
configure:20342: result: yes
configure:20391: checking for ranlib
configure:20418: result: ranlib
configure:20440: checking for an ANSI C-conforming const
configure:20505: gcc -c -Wall -g -O2  conftest.c >&5
conftest.c: In function 'main':
conftest.c:65:10: warning: 't' is used uninitialized in this function
conftest.c:81:23: warning: 'b' is used uninitialized in this function
configure:20505: $? = 0
configure:20512: result: yes
configure:20521: checking for signed
configure:20537: gcc -c -Wall -g -O2  conftest.c >&5
conftest.c: In function 'main':
conftest.c:40:13: warning: unused variable 'x'
configure:20537: $? = 0
configure:20544: result: yes
configure:20552: checking for inline
configure:20568: gcc -c -Wall -g -O2  conftest.c >&5
configure:20568: $? = 0
configure:20576: result: inline
configure:20594: checking for off_t
configure:20594: gcc -c -Wall -g -O2  conftest.c >&5
configure:20594: $? = 0
configure:20594: gcc -c -Wall -g -O2  conftest.c >&5
conftest.c: In function 'main':
conftest.c:72:20: error: expected expression before ')' token
configure:20594: $? = 1
configure: failed program was:
| /* confdefs.h */
| #define PACKAGE_NAME ""
| #define PACKAGE_TARNAME ""
| #define PACKAGE_VERSION ""
| #define PACKAGE_STRING ""
| #define PACKAGE_BUGREPORT ""
| #define PACKAGE_URL ""
| #define PACKAGE "popt"
| #define VERSION "1.10.4"
| #define PROTOTYPES 1
| #define __PROTOTYPES 1
| #define STDC_HEADERS 1
| #define HAVE_SYS_TYPES_H 1
| #define HAVE_SYS_STAT_H 1
| #define HAVE_STDLIB_H 1
| #define HAVE_STRING_H 1
| #define HAVE_MEMORY_H 1
| #define HAVE_STRINGS_H 1
| #define HAVE_INTTYPES_H 1
| #define HAVE_STDINT_H 1
| #define HAVE_UNISTD_H 1
| #define HAVE_STRING_H 1
| #define HAVE_DLFCN_H 1
| #define HAVE_ALLOCA_H 1
| #define HAVE_FLOAT_H 1
| #define HAVE_LIBINTL_H 1
| #define HAVE_MCHECK_H 1
| #define HAVE_UNISTD_H 1
| #define HAVE_GETUID 1
| #define HAVE_GETEUID 1
| #define HAVE_MTRACE 1
| #define HAVE___SECURE_GETENV 1
| #define HAVE_SETREGID 1
| #define HAVE_STRERROR 1
| /* end confdefs.h.  */
| #include <stdio.h>
| #ifdef HAVE_SYS_TYPES_H
| # include <sys/types.h>
| #endif
| #ifdef HAVE_SYS_STAT_H
| # include <sys/stat.h>
| #endif
| #ifdef STDC_HEADERS
| # include <stdlib.h>
| # include <stddef.h>
| #else
| # ifdef HAVE_STDLIB_H
| #  include <stdlib.h>
| # endif
| #endif
| #ifdef HAVE_STRING_H
| # if !defined STDC_HEADERS && defined HAVE_MEMORY_H
| #  include <memory.h>
| # endif
| # include <string.h>
| #endif
| #ifdef HAVE_STRINGS_H
| # include <strings.h>
| #endif
| #ifdef HAVE_INTTYPES_H
| # include <inttypes.h>
| #endif
| #ifdef HAVE_STDINT_H
| # include <stdint.h>
| #endif
| #ifdef HAVE_UNISTD_H
| # include <unistd.h>
| #endif
| int
| main ()
| {
| if (sizeof ((off_t)))
| 	    return 0;
|   ;
|   return 0;
| }
configure:20594: result: yes
configure:20605: checking for size_t
configure:20605: gcc -c -Wall -g -O2  conftest.c >&5
configure:20605: $? = 0
configure:20605: gcc -c -Wall -g -O2  conftest.c >&5
conftest.c: In function 'main':
conftest.c:72:21: error: expected expression before ')' token
configure:20605: $? = 1
configure: failed program was:
| /* confdefs.h */
| #define PACKAGE_NAME ""
| #define PACKAGE_TARNAME ""
| #define PACKAGE_VERSION ""
| #define PACKAGE_STRING ""
| #define PACKAGE_BUGREPORT ""
| #define PACKAGE_URL ""
| #define PACKAGE "popt"
| #define VERSION "1.10.4"
| #define PROTOTYPES 1
| #define __PROTOTYPES 1
| #define STDC_HEADERS 1
| #define HAVE_SYS_TYPES_H 1
| #define HAVE_SYS_STAT_H 1
| #define HAVE_STDLIB_H 1
| #define HAVE_STRING_H 1
| #define HAVE_MEMORY_H 1
| #define HAVE_STRINGS_H 1
| #define HAVE_INTTYPES_H 1
| #define HAVE_STDINT_H 1
| #define HAVE_UNISTD_H 1
| #define HAVE_STRING_H 1
| #define HAVE_DLFCN_H 1
| #define HAVE_ALLOCA_H 1
| #define HAVE_FLOAT_H 1
| #define HAVE_LIBINTL_H 1
| #define HAVE_MCHECK_H 1
| #define HAVE_UNISTD_H 1
| #define HAVE_GETUID 1
| #define HAVE_GETEUID 1
| #define HAVE_MTRACE 1
| #define HAVE___SECURE_GETENV 1
| #define HAVE_SETREGID 1
| #define HAVE_STRERROR 1
| /* end confdefs.h.  */
| #include <stdio.h>
| #ifdef HAVE_SYS_TYPES_H
| # include <sys/types.h>
| #endif
| #ifdef HAVE_SYS_STAT_H
| # include <sys/stat.h>
| #endif
| #ifdef STDC_HEADERS
| # include <stdlib.h>
| # include <stddef.h>
| #else
| # ifdef HAVE_STDLIB_H
| #  include <stdlib.h>
| # endif
| #endif
| #ifdef HAVE_STRING_H
| # if !defined STDC_HEADERS && defined HAVE_MEMORY_H
| #  include <memory.h>
| # endif
| # include <string.h>
| #endif
| #ifdef HAVE_STRINGS_H
| # include <strings.h>
| #endif
| #ifdef HAVE_INTTYPES_H
| # include <inttypes.h>
| #endif
| #ifdef HAVE_STDINT_H
| # include <stdint.h>
| #endif
| #ifdef HAVE_UNISTD_H
| # include <unistd.h>
| #endif
| int
| main ()
| {
| if (sizeof ((size_t)))
| 	    return 0;
|   ;
|   return 0;
| }
configure:20605: result: yes
configure:20617: checking for long long
configure:20634: gcc -o conftest -Wall -g -O2   conftest.c  >&5
configure:20634: $? = 0
configure:20642: result: yes
configure:20651: checking for long double
configure:20683: result: yes
configure:20692: checking for wchar_t
configure:20709: gcc -c -Wall -g -O2  conftest.c >&5
configure:20709: $? = 0
configure:20716: result: yes
configure:20725: checking for wint_t
configure:20742: gcc -c -Wall -g -O2  conftest.c >&5
configure:20742: $? = 0
configure:20749: result: yes
configure:20758: checking for inttypes.h
configure:20775: gcc -c -Wall -g -O2  conftest.c >&5
conftest.c: In function 'main':
conftest.c:45:11: warning: unused variable 'i'
configure:20775: $? = 0
configure:20782: result: yes
configure:20793: checking for stdint.h
configure:20810: gcc -c -Wall -g -O2  conftest.c >&5
conftest.c: In function 'main':
conftest.c:46:11: warning: unused variable 'i'
configure:20810: $? = 0
configure:20817: result: yes
configure:20830: checking for intmax_t
configure:20855: gcc -c -Wall -g -O2  conftest.c >&5
conftest.c: In function 'main':
conftest.c:55:10: warning: unused variable 'x'
configure:20855: $? = 0
configure:20862: result: yes
configure:20872: checking whether printf() supports POSIX/XSI format strings
configure:20913: gcc -o conftest -Wall -g -O2   conftest.c  >&5
configure:20913: $? = 0
configure:20913: ./conftest
configure:20913: $? = 0
configure:20924: result: yes
configure:20936: checking for working alloca.h
configure:20953: gcc -o conftest -Wall -g -O2   conftest.c  >&5
configure:20953: $? = 0
configure:20961: result: yes
configure:20969: checking for alloca
configure:21006: gcc -o conftest -Wall -g -O2   conftest.c  >&5
configure:21006: $? = 0
configure:21014: result: yes
configure:21130: checking for stdlib.h
configure:21130: result: yes
configure:21130: checking for unistd.h
configure:21130: result: yes
configure:21130: checking for sys/param.h
configure:21130: gcc -c -Wall -g -O2  conftest.c >&5
configure:21130: $? = 0
configure:21130: result: yes
configure:21151: checking for getpagesize
configure:21151: gcc -o conftest -Wall -g -O2   conftest.c  >&5
configure:21151: $? = 0
configure:21151: result: yes
configure:21160: checking for working mmap
configure:21306: gcc -o conftest -Wall -g -O2   conftest.c  >&5
configure:21306: $? = 0
configure:21306: ./conftest
configure:21306: $? = 0
configure:21316: result: yes
configure:21326: checking whether we are using the GNU C Library 2.1 or newer
configure:21353: result: yes
configure:21361: checking whether integer division by zero raises SIGFPE
configure:21418: gcc -o conftest -Wall -g -O2   conftest.c  >&5
conftest.c:69:5: warning: built-in function 'nan' declared as non-function
configure:21418: $? = 0
configure:21418: ./conftest
configure:21418: $? = 0
configure:21429: result: yes
configure:21442: checking for unsigned long long
configure:21459: gcc -o conftest -Wall -g -O2   conftest.c  >&5
configure:21459: $? = 0
configure:21467: result: yes
configure:21495: checking for inttypes.h
configure:21513: gcc -c -Wall -g -O2  conftest.c >&5
configure:21513: $? = 0
configure:21521: result: yes
configure:21534: checking whether the inttypes.h PRIxNN macros are broken
configure:21555: gcc -c -Wall -g -O2  conftest.c >&5
configure:21555: $? = 0
configure:21563: result: no
configure:21577: checking for stdint.h
configure:21577: result: yes
configure:21587: checking for SIZE_MAX
configure:21660: result: yes
configure:21675: checking for stdint.h
configure:21675: result: yes
configure:21687: checking for CFPreferencesCopyAppValue
configure:21707: gcc -o conftest -Wall -g -O2  -I/System/Library/Frameworks/CoreFoundation.framework/Headers  conftest.c  -framework CoreFoundation >&5
gcc: CoreFoundation: No such file or directory
cc1: error: unrecognized command line option "-framework"
configure:21707: $? = 1
configure: failed program was:
| /* confdefs.h */
| #define PACKAGE_NAME ""
| #define PACKAGE_TARNAME ""
| #define PACKAGE_VERSION ""
| #define PACKAGE_STRING ""
| #define PACKAGE_BUGREPORT ""
| #define PACKAGE_URL ""
| #define PACKAGE "popt"
| #define VERSION "1.10.4"
| #define PROTOTYPES 1
| #define __PROTOTYPES 1
| #define STDC_HEADERS 1
| #define HAVE_SYS_TYPES_H 1
| #define HAVE_SYS_STAT_H 1
| #define HAVE_STDLIB_H 1
| #define HAVE_STRING_H 1
| #define HAVE_MEMORY_H 1
| #define HAVE_STRINGS_H 1
| #define HAVE_INTTYPES_H 1
| #define HAVE_STDINT_H 1
| #define HAVE_UNISTD_H 1
| #define HAVE_STRING_H 1
| #define HAVE_DLFCN_H 1
| #define HAVE_ALLOCA_H 1
| #define HAVE_FLOAT_H 1
| #define HAVE_LIBINTL_H 1
| #define HAVE_MCHECK_H 1
| #define HAVE_UNISTD_H 1
| #define HAVE_GETUID 1
| #define HAVE_GETEUID 1
| #define HAVE_MTRACE 1
| #define HAVE___SECURE_GETENV 1
| #define HAVE_SETREGID 1
| #define HAVE_STRERROR 1
| #define HAVE_LONG_LONG 1
| #define HAVE_LONG_DOUBLE 1
| #define HAVE_WCHAR_T 1
| #define HAVE_WINT_T 1
| #define HAVE_INTTYPES_H_WITH_UINTMAX 1
| #define HAVE_STDINT_H_WITH_UINTMAX 1
| #define HAVE_INTMAX_T 1
| #define HAVE_POSIX_PRINTF 1
| #define HAVE_ALLOCA_H 1
| #define HAVE_ALLOCA 1
| #define HAVE_STDLIB_H 1
| #define HAVE_UNISTD_H 1
| #define HAVE_SYS_PARAM_H 1
| #define HAVE_GETPAGESIZE 1
| #define HAVE_MMAP 1
| #define INTDIV0_RAISES_SIGFPE 1
| #define HAVE_UNSIGNED_LONG_LONG 1
| #define HAVE_UINTMAX_T 1
| #define HAVE_INTTYPES_H 1
| #define HAVE_STDINT_H 1
| #define HAVE_STDINT_H 1
| /* end confdefs.h.  */
| #include <CFPreferences.h>
| int
| main ()
| {
| CFPreferencesCopyAppValue(NULL, NULL)
|   ;
|   return 0;
| }
configure:21717: result: no
configure:21724: checking for CFLocaleCopyCurrent
configure:21744: gcc -o conftest -Wall -g -O2  -I/System/Library/Frameworks/CoreFoundation.framework/Headers  conftest.c  -framework CoreFoundation >&5
gcc: CoreFoundation: No such file or directory
cc1: error: unrecognized command line option "-framework"
configure:21744: $? = 1
configure: failed program was:
| /* confdefs.h */
| #define PACKAGE_NAME ""
| #define PACKAGE_TARNAME ""
| #define PACKAGE_VERSION ""
| #define PACKAGE_STRING ""
| #define PACKAGE_BUGREPORT ""
| #define PACKAGE_URL ""
| #define PACKAGE "popt"
| #define VERSION "1.10.4"
| #define PROTOTYPES 1
| #define __PROTOTYPES 1
| #define STDC_HEADERS 1
| #define HAVE_SYS_TYPES_H 1
| #define HAVE_SYS_STAT_H 1
| #define HAVE_STDLIB_H 1
| #define HAVE_STRING_H 1
| #define HAVE_MEMORY_H 1
| #define HAVE_STRINGS_H 1
| #define HAVE_INTTYPES_H 1
| #define HAVE_STDINT_H 1
| #define HAVE_UNISTD_H 1
| #define HAVE_STRING_H 1
| #define HAVE_DLFCN_H 1
| #define HAVE_ALLOCA_H 1
| #define HAVE_FLOAT_H 1
| #define HAVE_LIBINTL_H 1
| #define HAVE_MCHECK_H 1
| #define HAVE_UNISTD_H 1
| #define HAVE_GETUID 1
| #define HAVE_GETEUID 1
| #define HAVE_MTRACE 1
| #define HAVE___SECURE_GETENV 1
| #define HAVE_SETREGID 1
| #define HAVE_STRERROR 1
| #define HAVE_LONG_LONG 1
| #define HAVE_LONG_DOUBLE 1
| #define HAVE_WCHAR_T 1
| #define HAVE_WINT_T 1
| #define HAVE_INTTYPES_H_WITH_UINTMAX 1
| #define HAVE_STDINT_H_WITH_UINTMAX 1
| #define HAVE_INTMAX_T 1
| #define HAVE_POSIX_PRINTF 1
| #define HAVE_ALLOCA_H 1
| #define HAVE_ALLOCA 1
| #define HAVE_STDLIB_H 1
| #define HAVE_UNISTD_H 1
| #define HAVE_SYS_PARAM_H 1
| #define HAVE_GETPAGESIZE 1
| #define HAVE_MMAP 1
| #define INTDIV0_RAISES_SIGFPE 1
| #define HAVE_UNSIGNED_LONG_LONG 1
| #define HAVE_UINTMAX_T 1
| #define HAVE_INTTYPES_H 1
| #define HAVE_STDINT_H 1
| #define HAVE_STDINT_H 1
| /* end confdefs.h.  */
| #include <CFLocale.h>
| int
| main ()
| {
| CFLocaleCopyCurrent();
|   ;
|   return 0;
| }
configure:21754: result: no
configure:21807: checking for ld used by GCC
configure:21871: result: /usr/x86_64-suse-linux/bin/ld -m elf_x86_64
configure:21878: checking if the linker (/usr/x86_64-suse-linux/bin/ld -m elf_x86_64) is GNU ld
configure:21891: result: yes
configure:21898: checking for shared library run path origin
configure:21911: result: done
configure:22317: checking for ptrdiff_t
configure:22317: gcc -c -Wall -g -O2  conftest.c >&5
configure:22317: $? = 0
configure:22317: gcc -c -Wall -g -O2  conftest.c >&5
conftest.c: In function 'main':
conftest.c:93:24: error: expected expression before ')' token
configure:22317: $? = 1
configure: failed program was:
| /* confdefs.h */
| #define PACKAGE_NAME ""
| #define PACKAGE_TARNAME ""
| #define PACKAGE_VERSION ""
| #define PACKAGE_STRING ""
| #define PACKAGE_BUGREPORT ""
| #define PACKAGE_URL ""
| #define PACKAGE "popt"
| #define VERSION "1.10.4"
| #define PROTOTYPES 1
| #define __PROTOTYPES 1
| #define STDC_HEADERS 1
| #define HAVE_SYS_TYPES_H 1
| #define HAVE_SYS_STAT_H 1
| #define HAVE_STDLIB_H 1
| #define HAVE_STRING_H 1
| #define HAVE_MEMORY_H 1
| #define HAVE_STRINGS_H 1
| #define HAVE_INTTYPES_H 1
| #define HAVE_STDINT_H 1
| #define HAVE_UNISTD_H 1
| #define HAVE_STRING_H 1
| #define HAVE_DLFCN_H 1
| #define HAVE_ALLOCA_H 1
| #define HAVE_FLOAT_H 1
| #define HAVE_LIBINTL_H 1
| #define HAVE_MCHECK_H 1
| #define HAVE_UNISTD_H 1
| #define HAVE_GETUID 1
| #define HAVE_GETEUID 1
| #define HAVE_MTRACE 1
| #define HAVE___SECURE_GETENV 1
| #define HAVE_SETREGID 1
| #define HAVE_STRERROR 1
| #define HAVE_LONG_LONG 1
| #define HAVE_LONG_DOUBLE 1
| #define HAVE_WCHAR_T 1
| #define HAVE_WINT_T 1
| #define HAVE_INTTYPES_H_WITH_UINTMAX 1
| #define HAVE_STDINT_H_WITH_UINTMAX 1
| #define HAVE_INTMAX_T 1
| #define HAVE_POSIX_PRINTF 1
| #define HAVE_ALLOCA_H 1
| #define HAVE_ALLOCA 1
| #define HAVE_STDLIB_H 1
| #define HAVE_UNISTD_H 1
| #define HAVE_SYS_PARAM_H 1
| #define HAVE_GETPAGESIZE 1
| #define HAVE_MMAP 1
| #define INTDIV0_RAISES_SIGFPE 1
| #define HAVE_UNSIGNED_LONG_LONG 1
| #define HAVE_UINTMAX_T 1
| #define HAVE_INTTYPES_H 1
| #define HAVE_STDINT_H 1
| #define HAVE_STDINT_H 1
| /* end confdefs.h.  */
| #include <stdio.h>
| #ifdef HAVE_SYS_TYPES_H
| # include <sys/types.h>
| #endif
| #ifdef HAVE_SYS_STAT_H
| # include <sys/stat.h>
| #endif
| #ifdef STDC_HEADERS
| # include <stdlib.h>
| # include <stddef.h>
| #else
| # ifdef HAVE_STDLIB_H
| #  include <stdlib.h>
| # endif
| #endif
| #ifdef HAVE_STRING_H
| # if !defined STDC_HEADERS && defined HAVE_MEMORY_H
| #  include <memory.h>
| # endif
| # include <string.h>
| #endif
| #ifdef HAVE_STRINGS_H
| # include <strings.h>
| #endif
| #ifdef HAVE_INTTYPES_H
| # include <inttypes.h>
| #endif
| #ifdef HAVE_STDINT_H
| # include <stdint.h>
| #endif
| #ifdef HAVE_UNISTD_H
| # include <unistd.h>
| #endif
| int
| main ()
| {
| if (sizeof ((ptrdiff_t)))
| 	    return 0;
|   ;
|   return 0;
| }
configure:22317: result: yes
configure:22331: checking argz.h usability
configure:22331: gcc -c -Wall -g -O2  conftest.c >&5
configure:22331: $? = 0
configure:22331: result: yes
configure:22331: checking argz.h presence
configure:22331: gcc -E  conftest.c
configure:22331: $? = 0
configure:22331: result: yes
configure:22331: checking for argz.h
configure:22331: result: yes
configure:22331: checking limits.h usability
configure:22331: gcc -c -Wall -g -O2  conftest.c >&5
configure:22331: $? = 0
configure:22331: result: yes
configure:22331: checking limits.h presence
configure:22331: gcc -E  conftest.c
configure:22331: $? = 0
configure:22331: result: yes
configure:22331: checking for limits.h
configure:22331: result: yes
configure:22331: checking locale.h usability
configure:22331: gcc -c -Wall -g -O2  conftest.c >&5
configure:22331: $? = 0
configure:22331: result: yes
configure:22331: checking locale.h presence
configure:22331: gcc -E  conftest.c
configure:22331: $? = 0
configure:22331: result: yes
configure:22331: checking for locale.h
configure:22331: result: yes
configure:22331: checking nl_types.h usability
configure:22331: gcc -c -Wall -g -O2  conftest.c >&5
configure:22331: $? = 0
configure:22331: result: yes
configure:22331: checking nl_types.h presence
configure:22331: gcc -E  conftest.c
configure:22331: $? = 0
configure:22331: result: yes
configure:22331: checking for nl_types.h
configure:22331: result: yes
configure:22331: checking malloc.h usability
configure:22331: gcc -c -Wall -g -O2  conftest.c >&5
configure:22331: $? = 0
configure:22331: result: yes
configure:22331: checking malloc.h presence
configure:22331: gcc -E  conftest.c
configure:22331: $? = 0
configure:22331: result: yes
configure:22331: checking for malloc.h
configure:22331: result: yes
configure:22331: checking stddef.h usability
configure:22331: gcc -c -Wall -g -O2  conftest.c >&5
configure:22331: $? = 0
configure:22331: result: yes
configure:22331: checking stddef.h presence
configure:22331: gcc -E  conftest.c
configure:22331: $? = 0
configure:22331: result: yes
configure:22331: checking for stddef.h
configure:22331: result: yes
configure:22331: checking for stdlib.h
configure:22331: result: yes
configure:22331: checking for string.h
configure:22331: result: yes
configure:22331: checking for unistd.h
configure:22331: result: yes
configure:22331: checking for sys/param.h
configure:22331: result: yes
configure:22348: checking for asprintf
configure:22348: gcc -o conftest -Wall -g -O2   conftest.c  >&5
configure:22348: $? = 0
configure:22348: result: yes
configure:22348: checking for fwprintf
configure:22348: gcc -o conftest -Wall -g -O2   conftest.c  >&5
configure:22348: $? = 0
configure:22348: result: yes
configure:22348: checking for getcwd
configure:22348: gcc -o conftest -Wall -g -O2   conftest.c  >&5
configure:22348: $? = 0
configure:22348: result: yes
configure:22348: checking for getegid
configure:22348: gcc -o conftest -Wall -g -O2   conftest.c  >&5
configure:22348: $? = 0
configure:22348: result: yes
configure:22348: checking for geteuid
configure:22348: result: yes
configure:22348: checking for getgid
configure:22348: gcc -o conftest -Wall -g -O2   conftest.c  >&5
configure:22348: $? = 0
configure:22348: result: yes
configure:22348: checking for getuid
configure:22348: result: yes
configure:22348: checking for mempcpy
configure:22348: gcc -o conftest -Wall -g -O2   conftest.c  >&5
conftest.c:97:6: warning: conflicting types for built-in function 'mempcpy'
configure:22348: $? = 0
configure:22348: result: yes
configure:22348: checking for munmap
configure:22348: gcc -o conftest -Wall -g -O2   conftest.c  >&5
configure:22348: $? = 0
configure:22348: result: yes
configure:22348: checking for putenv
configure:22348: gcc -o conftest -Wall -g -O2   conftest.c  >&5
configure:22348: $? = 0
configure:22348: result: yes
configure:22348: checking for setenv
configure:22348: gcc -o conftest -Wall -g -O2   conftest.c  >&5
configure:22348: $? = 0
configure:22348: result: yes
configure:22348: checking for setlocale
configure:22348: gcc -o conftest -Wall -g -O2   conftest.c  >&5
configure:22348: $? = 0
configure:22348: result: yes
configure:22348: checking for snprintf
configure:22348: gcc -o conftest -Wall -g -O2   conftest.c  >&5
conftest.c:102:6: warning: conflicting types for built-in function 'snprintf'
configure:22348: $? = 0
configure:22348: result: yes
configure:22348: checking for stpcpy
configure:22348: gcc -o conftest -Wall -g -O2   conftest.c  >&5
conftest.c:103:6: warning: conflicting types for built-in function 'stpcpy'
configure:22348: $? = 0
configure:22348: result: yes
configure:22348: checking for strcasecmp
configure:22348: gcc -o conftest -Wall -g -O2   conftest.c  >&5
conftest.c:104:6: warning: conflicting types for built-in function 'strcasecmp'
configure:22348: $? = 0
configure:22348: result: yes
configure:22348: checking for strdup
configure:22348: gcc -o conftest -Wall -g -O2   conftest.c  >&5
conftest.c:105:6: warning: conflicting types for built-in function 'strdup'
configure:22348: $? = 0
configure:22348: result: yes
configure:22348: checking for strtoul
configure:22348: gcc -o conftest -Wall -g -O2   conftest.c  >&5
configure:22348: $? = 0
configure:22348: result: yes
configure:22348: checking for tsearch
configure:22348: gcc -o conftest -Wall -g -O2   conftest.c  >&5
configure:22348: $? = 0
configure:22348: result: yes
configure:22348: checking for wcslen
configure:22348: gcc -o conftest -Wall -g -O2   conftest.c  >&5
configure:22348: $? = 0
configure:22348: result: yes
configure:22348: checking for __argz_count
configure:22348: gcc -o conftest -Wall -g -O2   conftest.c  >&5
configure:22348: $? = 0
configure:22348: result: yes
configure:22348: checking for __argz_stringify
configure:22348: gcc -o conftest -Wall -g -O2   conftest.c  >&5
configure:22348: $? = 0
configure:22348: result: yes
configure:22348: checking for __argz_next
configure:22348: gcc -o conftest -Wall -g -O2   conftest.c  >&5
configure:22348: $? = 0
configure:22348: result: yes
configure:22348: checking for __fsetlocking
configure:22348: gcc -o conftest -Wall -g -O2   conftest.c  >&5
configure:22348: $? = 0
configure:22348: result: yes
configure:22360: checking whether _snprintf is declared
configure:22380: gcc -c -Wall -g -O2  conftest.c >&5
conftest.c: In function 'main':
conftest.c:96:22: error: '_snprintf' undeclared (first use in this function)
conftest.c:96:22: note: each undeclared identifier is reported only once for each function it appears in
conftest.c:96:9: warning: unused variable 'p'
configure:22380: $? = 1
configure: failed program was:
| /* confdefs.h */
| #define PACKAGE_NAME ""
| #define PACKAGE_TARNAME ""
| #define PACKAGE_VERSION ""
| #define PACKAGE_STRING ""
| #define PACKAGE_BUGREPORT ""
| #define PACKAGE_URL ""
| #define PACKAGE "popt"
| #define VERSION "1.10.4"
| #define PROTOTYPES 1
| #define __PROTOTYPES 1
| #define STDC_HEADERS 1
| #define HAVE_SYS_TYPES_H 1
| #define HAVE_SYS_STAT_H 1
| #define HAVE_STDLIB_H 1
| #define HAVE_STRING_H 1
| #define HAVE_MEMORY_H 1
| #define HAVE_STRINGS_H 1
| #define HAVE_INTTYPES_H 1
| #define HAVE_STDINT_H 1
| #define HAVE_UNISTD_H 1
| #define HAVE_STRING_H 1
| #define HAVE_DLFCN_H 1
| #define HAVE_ALLOCA_H 1
| #define HAVE_FLOAT_H 1
| #define HAVE_LIBINTL_H 1
| #define HAVE_MCHECK_H 1
| #define HAVE_UNISTD_H 1
| #define HAVE_GETUID 1
| #define HAVE_GETEUID 1
| #define HAVE_MTRACE 1
| #define HAVE___SECURE_GETENV 1
| #define HAVE_SETREGID 1
| #define HAVE_STRERROR 1
| #define HAVE_LONG_LONG 1
| #define HAVE_LONG_DOUBLE 1
| #define HAVE_WCHAR_T 1
| #define HAVE_WINT_T 1
| #define HAVE_INTTYPES_H_WITH_UINTMAX 1
| #define HAVE_STDINT_H_WITH_UINTMAX 1
| #define HAVE_INTMAX_T 1
| #define HAVE_POSIX_PRINTF 1
| #define HAVE_ALLOCA_H 1
| #define HAVE_ALLOCA 1
| #define HAVE_STDLIB_H 1
| #define HAVE_UNISTD_H 1
| #define HAVE_SYS_PARAM_H 1
| #define HAVE_GETPAGESIZE 1
| #define HAVE_MMAP 1
| #define INTDIV0_RAISES_SIGFPE 1
| #define HAVE_UNSIGNED_LONG_LONG 1
| #define HAVE_UINTMAX_T 1
| #define HAVE_INTTYPES_H 1
| #define HAVE_STDINT_H 1
| #define HAVE_STDINT_H 1
| #define HAVE_ARGZ_H 1
| #define HAVE_LIMITS_H 1
| #define HAVE_LOCALE_H 1
| #define HAVE_NL_TYPES_H 1
| #define HAVE_MALLOC_H 1
| #define HAVE_STDDEF_H 1
| #define HAVE_STDLIB_H 1
| #define HAVE_STRING_H 1
| #define HAVE_UNISTD_H 1
| #define HAVE_SYS_PARAM_H 1
| #define HAVE_ASPRINTF 1
| #define HAVE_FWPRINTF 1
| #define HAVE_GETCWD 1
| #define HAVE_GETEGID 1
| #define HAVE_GETEUID 1
| #define HAVE_GETGID 1
| #define HAVE_GETUID 1
| #define HAVE_MEMPCPY 1
| #define HAVE_MUNMAP 1
| #define HAVE_PUTENV 1
| #define HAVE_SETENV 1
| #define HAVE_SETLOCALE 1
| #define HAVE_SNPRINTF 1
| #define HAVE_STPCPY 1
| #define HAVE_STRCASECMP 1
| #define HAVE_STRDUP 1
| #define HAVE_STRTOUL 1
| #define HAVE_TSEARCH 1
| #define HAVE_WCSLEN 1
| #define HAVE___ARGZ_COUNT 1
| #define HAVE___ARGZ_STRINGIFY 1
| #define HAVE___ARGZ_NEXT 1
| #define HAVE___FSETLOCKING 1
| /* end confdefs.h.  */
| #include <stdio.h>
| int
| main ()
| {
| 
| #ifndef _snprintf
|   char *p = (char *) _snprintf;
| #endif
| 
|   ;
|   return 0;
| }
configure:22387: result: no
configure:22401: checking whether _snwprintf is declared
configure:22421: gcc -c -Wall -g -O2  conftest.c >&5
conftest.c: In function 'main':
conftest.c:97:22: error: '_snwprintf' undeclared (first use in this function)
conftest.c:97:22: note: each undeclared identifier is reported only once for each function it appears in
conftest.c:97:9: warning: unused variable 'p'
configure:22421: $? = 1
configure: failed program was:
| /* confdefs.h */
| #define PACKAGE_NAME ""
| #define PACKAGE_TARNAME ""
| #define PACKAGE_VERSION ""
| #define PACKAGE_STRING ""
| #define PACKAGE_BUGREPORT ""
| #define PACKAGE_URL ""
| #define PACKAGE "popt"
| #define VERSION "1.10.4"
| #define PROTOTYPES 1
| #define __PROTOTYPES 1
| #define STDC_HEADERS 1
| #define HAVE_SYS_TYPES_H 1
| #define HAVE_SYS_STAT_H 1
| #define HAVE_STDLIB_H 1
| #define HAVE_STRING_H 1
| #define HAVE_MEMORY_H 1
| #define HAVE_STRINGS_H 1
| #define HAVE_INTTYPES_H 1
| #define HAVE_STDINT_H 1
| #define HAVE_UNISTD_H 1
| #define HAVE_STRING_H 1
| #define HAVE_DLFCN_H 1
| #define HAVE_ALLOCA_H 1
| #define HAVE_FLOAT_H 1
| #define HAVE_LIBINTL_H 1
| #define HAVE_MCHECK_H 1
| #define HAVE_UNISTD_H 1
| #define HAVE_GETUID 1
| #define HAVE_GETEUID 1
| #define HAVE_MTRACE 1
| #define HAVE___SECURE_GETENV 1
| #define HAVE_SETREGID 1
| #define HAVE_STRERROR 1
| #define HAVE_LONG_LONG 1
| #define HAVE_LONG_DOUBLE 1
| #define HAVE_WCHAR_T 1
| #define HAVE_WINT_T 1
| #define HAVE_INTTYPES_H_WITH_UINTMAX 1
| #define HAVE_STDINT_H_WITH_UINTMAX 1
| #define HAVE_INTMAX_T 1
| #define HAVE_POSIX_PRINTF 1
| #define HAVE_ALLOCA_H 1
| #define HAVE_ALLOCA 1
| #define HAVE_STDLIB_H 1
| #define HAVE_UNISTD_H 1
| #define HAVE_SYS_PARAM_H 1
| #define HAVE_GETPAGESIZE 1
| #define HAVE_MMAP 1
| #define INTDIV0_RAISES_SIGFPE 1
| #define HAVE_UNSIGNED_LONG_LONG 1
| #define HAVE_UINTMAX_T 1
| #define HAVE_INTTYPES_H 1
| #define HAVE_STDINT_H 1
| #define HAVE_STDINT_H 1
| #define HAVE_ARGZ_H 1
| #define HAVE_LIMITS_H 1
| #define HAVE_LOCALE_H 1
| #define HAVE_NL_TYPES_H 1
| #define HAVE_MALLOC_H 1
| #define HAVE_STDDEF_H 1
| #define HAVE_STDLIB_H 1
| #define HAVE_STRING_H 1
| #define HAVE_UNISTD_H 1
| #define HAVE_SYS_PARAM_H 1
| #define HAVE_ASPRINTF 1
| #define HAVE_FWPRINTF 1
| #define HAVE_GETCWD 1
| #define HAVE_GETEGID 1
| #define HAVE_GETEUID 1
| #define HAVE_GETGID 1
| #define HAVE_GETUID 1
| #define HAVE_MEMPCPY 1
| #define HAVE_MUNMAP 1
| #define HAVE_PUTENV 1
| #define HAVE_SETENV 1
| #define HAVE_SETLOCALE 1
| #define HAVE_SNPRINTF 1
| #define HAVE_STPCPY 1
| #define HAVE_STRCASECMP 1
| #define HAVE_STRDUP 1
| #define HAVE_STRTOUL 1
| #define HAVE_TSEARCH 1
| #define HAVE_WCSLEN 1
| #define HAVE___ARGZ_COUNT 1
| #define HAVE___ARGZ_STRINGIFY 1
| #define HAVE___ARGZ_NEXT 1
| #define HAVE___FSETLOCKING 1
| #define HAVE_DECL__SNPRINTF 0
| /* end confdefs.h.  */
| #include <stdio.h>
| int
| main ()
| {
| 
| #ifndef _snwprintf
|   char *p = (char *) _snwprintf;
| #endif
| 
|   ;
|   return 0;
| }
configure:22428: result: no
configure:22443: checking whether feof_unlocked is declared
configure:22463: gcc -c -Wall -g -O2  conftest.c >&5
conftest.c: In function 'main':
conftest.c:98:9: warning: unused variable 'p'
configure:22463: $? = 0
configure:22470: result: yes
configure:22484: checking whether fgets_unlocked is declared
configure:22504: gcc -c -Wall -g -O2  conftest.c >&5
conftest.c: In function 'main':
conftest.c:99:22: error: 'fgets_unlocked' undeclared (first use in this function)
conftest.c:99:22: note: each undeclared identifier is reported only once for each function it appears in
conftest.c:99:9: warning: unused variable 'p'
configure:22504: $? = 1
configure: failed program was:
| /* confdefs.h */
| #define PACKAGE_NAME ""
| #define PACKAGE_TARNAME ""
| #define PACKAGE_VERSION ""
| #define PACKAGE_STRING ""
| #define PACKAGE_BUGREPORT ""
| #define PACKAGE_URL ""
| #define PACKAGE "popt"
| #define VERSION "1.10.4"
| #define PROTOTYPES 1
| #define __PROTOTYPES 1
| #define STDC_HEADERS 1
| #define HAVE_SYS_TYPES_H 1
| #define HAVE_SYS_STAT_H 1
| #define HAVE_STDLIB_H 1
| #define HAVE_STRING_H 1
| #define HAVE_MEMORY_H 1
| #define HAVE_STRINGS_H 1
| #define HAVE_INTTYPES_H 1
| #define HAVE_STDINT_H 1
| #define HAVE_UNISTD_H 1
| #define HAVE_STRING_H 1
| #define HAVE_DLFCN_H 1
| #define HAVE_ALLOCA_H 1
| #define HAVE_FLOAT_H 1
| #define HAVE_LIBINTL_H 1
| #define HAVE_MCHECK_H 1
| #define HAVE_UNISTD_H 1
| #define HAVE_GETUID 1
| #define HAVE_GETEUID 1
| #define HAVE_MTRACE 1
| #define HAVE___SECURE_GETENV 1
| #define HAVE_SETREGID 1
| #define HAVE_STRERROR 1
| #define HAVE_LONG_LONG 1
| #define HAVE_LONG_DOUBLE 1
| #define HAVE_WCHAR_T 1
| #define HAVE_WINT_T 1
| #define HAVE_INTTYPES_H_WITH_UINTMAX 1
| #define HAVE_STDINT_H_WITH_UINTMAX 1
| #define HAVE_INTMAX_T 1
| #define HAVE_POSIX_PRINTF 1
| #define HAVE_ALLOCA_H 1
| #define HAVE_ALLOCA 1
| #define HAVE_STDLIB_H 1
| #define HAVE_UNISTD_H 1
| #define HAVE_SYS_PARAM_H 1
| #define HAVE_GETPAGESIZE 1
| #define HAVE_MMAP 1
| #define INTDIV0_RAISES_SIGFPE 1
| #define HAVE_UNSIGNED_LONG_LONG 1
| #define HAVE_UINTMAX_T 1
| #define HAVE_INTTYPES_H 1
| #define HAVE_STDINT_H 1
| #define HAVE_STDINT_H 1
| #define HAVE_ARGZ_H 1
| #define HAVE_LIMITS_H 1
| #define HAVE_LOCALE_H 1
| #define HAVE_NL_TYPES_H 1
| #define HAVE_MALLOC_H 1
| #define HAVE_STDDEF_H 1
| #define HAVE_STDLIB_H 1
| #define HAVE_STRING_H 1
| #define HAVE_UNISTD_H 1
| #define HAVE_SYS_PARAM_H 1
| #define HAVE_ASPRINTF 1
| #define HAVE_FWPRINTF 1
| #define HAVE_GETCWD 1
| #define HAVE_GETEGID 1
| #define HAVE_GETEUID 1
| #define HAVE_GETGID 1
| #define HAVE_GETUID 1
| #define HAVE_MEMPCPY 1
| #define HAVE_MUNMAP 1
| #define HAVE_PUTENV 1
| #define HAVE_SETENV 1
| #define HAVE_SETLOCALE 1
| #define HAVE_SNPRINTF 1
| #define HAVE_STPCPY 1
| #define HAVE_STRCASECMP 1
| #define HAVE_STRDUP 1
| #define HAVE_STRTOUL 1
| #define HAVE_TSEARCH 1
| #define HAVE_WCSLEN 1
| #define HAVE___ARGZ_COUNT 1
| #define HAVE___ARGZ_STRINGIFY 1
| #define HAVE___ARGZ_NEXT 1
| #define HAVE___FSETLOCKING 1
| #define HAVE_DECL__SNPRINTF 0
| #define HAVE_DECL__SNWPRINTF 0
| #define HAVE_DECL_FEOF_UNLOCKED 1
| /* end confdefs.h.  */
| #include <stdio.h>
| int
| main ()
| {
| 
| #ifndef fgets_unlocked
|   char *p = (char *) fgets_unlocked;
| #endif
| 
|   ;
|   return 0;
| }
configure:22511: result: no
configure:22525: checking whether getc_unlocked is declared
configure:22545: gcc -c -Wall -g -O2  conftest.c >&5
conftest.c: In function 'main':
conftest.c:100:9: warning: unused variable 'p'
configure:22545: $? = 0
configure:22552: result: yes
configure:22620: checking for iconv
configure:22642: gcc -o conftest -Wall -g -O2   conftest.c  >&5
configure:22642: $? = 0
configure:22674: result: yes
configure:22695: checking for iconv declaration
configure:22724: gcc -c -Wall -g -O2  conftest.c >&5
configure:22724: $? = 0
configure:22735: result: install-shextern size_t iconv (iconv_t cd, char * *inbuf, size_t *inbytesleft, char * *outbuf, size_t *outbytesleft);
configure:22746: checking for nl_langinfo and CODESET
configure:22762: gcc -o conftest -Wall -g -O2   conftest.c  >&5
conftest.c: In function 'main':
conftest.c:101:7: warning: unused variable 'cs'
configure:22762: $? = 0
configure:22771: result: yes
configure:22781: checking for LC_MESSAGES
configure:22797: gcc -o conftest -Wall -g -O2   conftest.c  >&5
configure:22797: $? = 0
configure:22805: result: yes
configure:22823: checking for bison
configure:22839: found /usr/local/bin/bison
configure:22850: result: bison
configure:22864: checking version of bison
configure:22873: result: 2.4.2, ok
configure:22895: checking for CFPreferencesCopyAppValue
configure:22925: result: no
configure:22932: checking for CFLocaleCopyCurrent
configure:22962: result: no
configure:22977: checking whether NLS is requested
configure:22986: result: yes
configure:23002: checking whether included gettext is requested
configure:23012: result: no
configure:23023: checking for GNU gettext in libc
configure:23042: gcc -o conftest -Wall -g -O2   conftest.c  >&5
configure:23042: $? = 0
configure:23050: result: yes
configure:23553: checking whether to use NLS
configure:23555: result: yes
configure:23558: checking where the gettext function comes from
configure:23569: result: libc
configure:23788: creating ./config.status

## ---------------- ##
## Cache variables. ##
## ---------------- ##

ac_cv_build=x86_64-unknown-linux-gnu
ac_cv_c_compiler_gnu=yes
ac_cv_c_const=yes
ac_cv_c_inline=inline
ac_cv_cxx_compiler_gnu=yes
ac_cv_env_CCC_set=
ac_cv_env_CCC_value=
ac_cv_env_CC_set=
ac_cv_env_CC_value=
ac_cv_env_CFLAGS_set=
ac_cv_env_CFLAGS_value=
ac_cv_env_CPPFLAGS_set=
ac_cv_env_CPPFLAGS_value=
ac_cv_env_CPP_set=
ac_cv_env_CPP_value=
ac_cv_env_CXXCPP_set=
ac_cv_env_CXXCPP_value=
ac_cv_env_CXXFLAGS_set=
ac_cv_env_CXXFLAGS_value=
ac_cv_env_CXX_set=
ac_cv_env_CXX_value=
ac_cv_env_F77_set=
ac_cv_env_F77_value=
ac_cv_env_FFLAGS_set=
ac_cv_env_FFLAGS_value=
ac_cv_env_LDFLAGS_set=
ac_cv_env_LDFLAGS_value=
ac_cv_env_LIBS_set=
ac_cv_env_LIBS_value=
ac_cv_env_build_alias_set=
ac_cv_env_build_alias_value=
ac_cv_env_host_alias_set=
ac_cv_env_host_alias_value=
ac_cv_env_target_alias_set=
ac_cv_env_target_alias_value=
ac_cv_f77_compiler_gnu=yes
ac_cv_func___argz_count=yes
ac_cv_func___argz_next=yes
ac_cv_func___argz_stringify=yes
ac_cv_func___fsetlocking=yes
ac_cv_func___secure_getenv=yes
ac_cv_func_alloca_works=yes
ac_cv_func_asprintf=yes
ac_cv_func_fwprintf=yes
ac_cv_func_getcwd=yes
ac_cv_func_getegid=yes
ac_cv_func_geteuid=yes
ac_cv_func_getgid=yes
ac_cv_func_getpagesize=yes
ac_cv_func_getuid=yes
ac_cv_func_mempcpy=yes
ac_cv_func_mmap_fixed_mapped=yes
ac_cv_func_mtrace=yes
ac_cv_func_munmap=yes
ac_cv_func_putenv=yes
ac_cv_func_setenv=yes
ac_cv_func_setlocale=yes
ac_cv_func_setregid=yes
ac_cv_func_setreuid=yes
ac_cv_func_snprintf=yes
ac_cv_func_stpcpy=yes
ac_cv_func_strcasecmp=yes
ac_cv_func_strdup=yes
ac_cv_func_strerror=yes
ac_cv_func_strtoul=yes
ac_cv_func_tsearch=yes
ac_cv_func_wcslen=yes
ac_cv_gnu_library_2=yes
ac_cv_gnu_library_2_1=yes
ac_cv_have_decl__snprintf=no
ac_cv_have_decl__snwprintf=no
ac_cv_have_decl_feof_unlocked=yes
ac_cv_have_decl_fgets_unlocked=no
ac_cv_have_decl_getc_unlocked=yes
ac_cv_header_alloca_h=yes
ac_cv_header_argz_h=yes
ac_cv_header_dlfcn_h=yes
ac_cv_header_float_h=yes
ac_cv_header_inttypes_h=yes
ac_cv_header_libintl_h=yes
ac_cv_header_limits_h=yes
ac_cv_header_locale_h=yes
ac_cv_header_malloc_h=yes
ac_cv_header_mcheck_h=yes
ac_cv_header_memory_h=yes
ac_cv_header_nl_types_h=yes
ac_cv_header_stdc=yes
ac_cv_header_stddef_h=yes
ac_cv_header_stdint_h=yes
ac_cv_header_stdlib_h=yes
ac_cv_header_string_h=yes
ac_cv_header_strings_h=yes
ac_cv_header_sys_param_h=yes
ac_cv_header_sys_stat_h=yes
ac_cv_header_sys_types_h=yes
ac_cv_header_unistd_h=yes
ac_cv_host=x86_64-unknown-linux-gnu
ac_cv_objext=o
ac_cv_path_EGREP='/usr/bin/grep -E'
ac_cv_path_GMSGFMT=/usr/local/bin/msgfmt
ac_cv_path_GREP=/usr/bin/grep
ac_cv_path_MSGFMT=/usr/local/bin/msgfmt
ac_cv_path_MSGMERGE=/usr/local/bin/msgmerge
ac_cv_path_XGETTEXT=/usr/local/bin/xgettext
ac_cv_path_install='/usr/bin/install -c'
ac_cv_prog_AWK=gawk
ac_cv_prog_CPP='gcc -E'
ac_cv_prog_CXXCPP='g++ -E'
ac_cv_prog_INTLBISON=bison
ac_cv_prog_ac_ct_AR=ar
ac_cv_prog_ac_ct_CC=gcc
ac_cv_prog_ac_ct_CXX=g++
ac_cv_prog_ac_ct_F77=gfortran
ac_cv_prog_ac_ct_RANLIB=ranlib
ac_cv_prog_ac_ct_STRIP=strip
ac_cv_prog_cc_c89=
ac_cv_prog_cc_g=yes
ac_cv_prog_cxx_g=yes
ac_cv_prog_f77_g=yes
ac_cv_prog_gcc_traditional=no
ac_cv_prog_make_make_set=yes
ac_cv_search_strerror='none required'
ac_cv_sys_file_offset_bits=no
ac_cv_sys_largefile_CC=no
ac_cv_target=x86_64-unknown-linux-gnu
ac_cv_type_long_long=yes
ac_cv_type_off_t=yes
ac_cv_type_ptrdiff_t=yes
ac_cv_type_size_t=yes
ac_cv_type_unsigned_long_long=yes
ac_cv_working_alloca_h=yes
acl_cv_path_LD='/usr/x86_64-suse-linux/bin/ld -m elf_x86_64'
acl_cv_prog_gnu_ld=yes
acl_cv_rpath=done
am_cv_CC_dependencies_compiler_type=gcc3
am_cv_CXX_dependencies_compiler_type=gcc3
am_cv_func_iconv=yes
am_cv_langinfo_codeset=yes
am_cv_lib_iconv=no
am_cv_proto_iconv='extern size_t iconv (iconv_t cd, char * *inbuf, size_t *inbytesleft, char * *outbuf, size_t *outbytesleft);'
am_cv_proto_iconv_arg1=
bh_cv_c_signed=yes
gl_cv_header_inttypes_h=yes
gl_cv_header_stdint_h=yes
gt_cv_c_intmax_t=yes
gt_cv_c_long_double=yes
gt_cv_c_wchar_t=yes
gt_cv_c_wint_t=yes
gt_cv_func_CFLocaleCopyCurrent=no
gt_cv_func_CFPreferencesCopyAppValue=no
gt_cv_func_gnugettext1_libc=yes
gt_cv_func_printf_posix=yes
gt_cv_header_inttypes_h=yes
gt_cv_int_divbyzero_sigfpe=yes
gt_cv_inttypes_pri_broken=no
gt_cv_val_LC_MESSAGES=yes
lt_cv_deplibs_check_method=pass_all
lt_cv_file_magic_cmd='$MAGIC_CMD'
lt_cv_file_magic_test_file=
lt_cv_ld_reload_flag=-r
lt_cv_objdir=.libs
lt_cv_path_LD=/usr/x86_64-suse-linux/bin/ld
lt_cv_path_LDCXX='/usr/x86_64-suse-linux/bin/ld -m elf_x86_64'
lt_cv_path_NM='/usr/bin/nm -B'
lt_cv_path_SED=/usr/bin/sed
lt_cv_prog_compiler_c_o=yes
lt_cv_prog_compiler_c_o_CXX=yes
lt_cv_prog_compiler_c_o_F77=yes
lt_cv_prog_compiler_rtti_exceptions=no
lt_cv_prog_gnu_ld=yes
lt_cv_prog_gnu_ldcxx=yes
lt_cv_sys_global_symbol_pipe='sed -n -e '\''s/^.*[ 	]\([ABCDGIRSTW][ABCDGIRSTW]*\)[ 	][ 	]*\([_A-Za-z][_A-Za-z0-9]*\)$/\1 \2 \2/p'\'''
lt_cv_sys_global_symbol_to_c_name_address='sed -n -e '\''s/^: \([^ ]*\) $/  {\"\1\", (lt_ptr) 0},/p'\'' -e '\''s/^[BCDEGRST] \([^ ]*\) \([^ ]*\)$/  {"\2", (lt_ptr) \&\2},/p'\'''
lt_cv_sys_global_symbol_to_cdecl='sed -n -e '\''s/^. .* \(.*\)$/extern int \1;/p'\'''
lt_cv_sys_max_cmd_len=32768
lt_lt_cv_prog_compiler_c_o='"yes"'
lt_lt_cv_prog_compiler_c_o_CXX='"yes"'
lt_lt_cv_prog_compiler_c_o_F77='"yes"'
lt_lt_cv_sys_global_symbol_pipe='"sed -n -e '\''s/^.*[ 	]\\([ABCDGIRSTW][ABCDGIRSTW]*\\)[ 	][ 	]*\\([_A-Za-z][_A-Za-z0-9]*\\)\$/\\1 \\2 \\2/p'\''"'
lt_lt_cv_sys_global_symbol_to_c_name_address='"sed -n -e '\''s/^: \\([^ ]*\\) \$/  {\\\"\\1\\\", (lt_ptr) 0},/p'\'' -e '\''s/^[BCDEGRST] \\([^ ]*\\) \\([^ ]*\\)\$/  {\"\\2\", (lt_ptr) \\&\\2},/p'\''"'
lt_lt_cv_sys_global_symbol_to_cdecl='"sed -n -e '\''s/^. .* \\(.*\\)\$/extern int \\1;/p'\''"'
nls_cv_force_use_gnu_gettext=no
nls_cv_header_intl=
nls_cv_header_libgt=
nls_cv_use_gnu_gettext=no

## ----------------- ##
## Output variables. ##
## ----------------- ##

ACLOCAL='${SHELL} /home/peter/WORK/rdock/popt/missing --run aclocal-1.9'
ALLOCA=''
AMDEPBACKSLASH='\'
AMDEP_FALSE='#'
AMDEP_TRUE=''
AMTAR='${SHELL} /home/peter/WORK/rdock/popt/missing --run tar'
ANSI2KNR=''
AR='ar'
AUTOCONF='${SHELL} /home/peter/WORK/rdock/popt/missing --run autoconf'
AUTOHEADER='${SHELL} /home/peter/WORK/rdock/popt/missing --run autoheader'
AUTOMAKE='${SHELL} /home/peter/WORK/rdock/popt/missing --run automake-1.9'
AWK='gawk'
BUILD_INCLUDED_LIBINTL='no'
CATOBJEXT='.gmo'
CC='gcc'
CCDEPMODE='depmode=gcc3'
CFLAGS='-Wall -g -O2'
CPP='gcc -E'
CPPFLAGS=''
CXX='g++'
CXXCPP='g++ -E'
CXXDEPMODE='depmode=gcc3'
CXXFLAGS='-g -O2'
CYGPATH_W='echo'
DATADIRNAME='share'
DEFS='-DHAVE_CONFIG_H'
DEPDIR='.deps'
ECHO='echo'
ECHO_C=''
ECHO_N='-n'
ECHO_T=''
EGREP='/usr/bin/grep -E'
EXEEXT=''
F77='gfortran'
FFLAGS='-g -O2'
GENCAT='gencat'
GLIBC21='yes'
GLIBC2='yes'
GMSGFMT='/usr/local/bin/msgfmt'
GREP='/usr/bin/grep'
HAVE_ASPRINTF='1'
HAVE_LD_VERSION_SCRIPT_FALSE='#'
HAVE_LD_VERSION_SCRIPT_TRUE=''
HAVE_POSIX_PRINTF='1'
HAVE_SNPRINTF='1'
HAVE_WPRINTF='0'
INSTALL_DATA='${INSTALL} -m 644'
INSTALL_PROGRAM='${INSTALL}'
INSTALL_SCRIPT='${INSTALL}'
INSTALL_STRIP_PROGRAM='${SHELL} $(install_sh) -c -s'
INSTOBJEXT='.mo'
INTLBISON='bison'
INTLLIBS=''
INTLOBJS=''
INTL_LIBTOOL_SUFFIX_PREFIX=''
INTL_MACOSX_LIBS=''
LDFLAGS=''
LIBICONV=''
LIBINTL=''
LIBOBJS=''
LIBS=''
LIBTOOL='$(SHELL) $(top_builddir)/libtool'
LN_S='ln -s'
LTLIBICONV=''
LTLIBINTL=''
LTLIBOBJS=''
LT_AGE='0'
LT_CURRENT='0'
LT_REVISION='0'
MAKEINFO='${SHELL} /home/peter/WORK/rdock/popt/missing --run makeinfo'
MARK64='64'
MKINSTALLDIRS='$(top_builddir)/./mkinstalldirs'
MSGFMT='/usr/local/bin/msgfmt'
MSGMERGE='/usr/local/bin/msgmerge'
OBJEXT='o'
PACKAGE='popt'
PACKAGE_BUGREPORT=''
PACKAGE_NAME=''
PACKAGE_STRING=''
PACKAGE_TARNAME=''
PACKAGE_URL=''
PACKAGE_VERSION=''
PATH_SEPARATOR=':'
POPT_SOURCE_PATH='/home/peter/WORK/rdock/popt'
POSUB='po'
RANLIB='ranlib'
SET_MAKE=''
SHELL='/bin/sh'
STRIP='strip'
TARGET='depend allprogs'
U=''
USE_INCLUDED_LIBINTL='no'
USE_NLS='yes'
VERSION='1.10.4'
XGETTEXT='/usr/local/bin/xgettext'
ac_ct_CC='gcc'
ac_ct_CXX='g++'
ac_ct_F77='gfortran'
am__fastdepCC_FALSE='#'
am__fastdepCC_TRUE=''
am__fastdepCXX_FALSE='#'
am__fastdepCXX_TRUE=''
am__include='include'
am__leading_dot='.'
am__quote=''
am__tar='${AMTAR} chof - "$$tardir"'
am__untar='${AMTAR} xf -'
bindir='${exec_prefix}/bin'
build='x86_64-unknown-linux-gnu'
build_alias=''
build_cpu='x86_64'
build_os='linux-gnu'
build_vendor='unknown'
datadir='${datarootdir}'
datarootdir='${prefix}/share'
docdir='${datarootdir}/doc/${PACKAGE}'
dvidir='${docdir}'
exec_prefix='${prefix}'
host='x86_64-unknown-linux-gnu'
host_alias=''
host_cpu='x86_64'
host_os='linux-gnu'
host_vendor='unknown'
htmldir='${docdir}'
includedir='${prefix}/include'
infodir='${datarootdir}/info'
install_sh='/home/peter/WORK/rdock/popt/install-sh'
libdir='${exec_prefix}/lib'
libexecdir='${exec_prefix}/libexec'
localedir='${datarootdir}/locale'
localstatedir='${prefix}/var'
mandir='${datarootdir}/man'
mkdir_p='mkdir -p --'
oldincludedir='/usr/include'
pdfdir='${docdir}'
prefix='/usr/local'
program_transform_name='s,x,x,'
psdir='${docdir}'
sbindir='${exec_prefix}/sbin'
sharedstatedir='${prefix}/com'
sysconfdir='${prefix}/etc'
target='x86_64-unknown-linux-gnu'
target_alias=''
target_cpu='x86_64'
target_os='linux-gnu'
target_vendor='unknown'

## ----------- ##
## confdefs.h. ##
## ----------- ##

/* confdefs.h */
#define PACKAGE_NAME ""
#define PACKAGE_TARNAME ""
#define PACKAGE_VERSION ""
#define PACKAGE_STRING ""
#define PACKAGE_BUGREPORT ""
#define PACKAGE_URL ""
#define PACKAGE "popt"
#define VERSION "1.10.4"
#define PROTOTYPES 1
#define __PROTOTYPES 1
#define STDC_HEADERS 1
#define HAVE_SYS_TYPES_H 1
#define HAVE_SYS_STAT_H 1
#define HAVE_STDLIB_H 1
#define HAVE_STRING_H 1
#define HAVE_MEMORY_H 1
#define HAVE_STRINGS_H 1
#define HAVE_INTTYPES_H 1
#define HAVE_STDINT_H 1
#define HAVE_UNISTD_H 1
#define HAVE_STRING_H 1
#define HAVE_DLFCN_H 1
#define HAVE_ALLOCA_H 1
#define HAVE_FLOAT_H 1
#define HAVE_LIBINTL_H 1
#define HAVE_MCHECK_H 1
#define HAVE_UNISTD_H 1
#define HAVE_GETUID 1
#define HAVE_GETEUID 1
#define HAVE_MTRACE 1
#define HAVE___SECURE_GETENV 1
#define HAVE_SETREGID 1
#define HAVE_STRERROR 1
#define HAVE_LONG_LONG 1
#define HAVE_LONG_DOUBLE 1
#define HAVE_WCHAR_T 1
#define HAVE_WINT_T 1
#define HAVE_INTTYPES_H_WITH_UINTMAX 1
#define HAVE_STDINT_H_WITH_UINTMAX 1
#define HAVE_INTMAX_T 1
#define HAVE_POSIX_PRINTF 1
#define HAVE_ALLOCA_H 1
#define HAVE_ALLOCA 1
#define HAVE_STDLIB_H 1
#define HAVE_UNISTD_H 1
#define HAVE_SYS_PARAM_H 1
#define HAVE_GETPAGESIZE 1
#define HAVE_MMAP 1
#define INTDIV0_RAISES_SIGFPE 1
#define HAVE_UNSIGNED_LONG_LONG 1
#define HAVE_UINTMAX_T 1
#define HAVE_INTTYPES_H 1
#define HAVE_STDINT_H 1
#define HAVE_STDINT_H 1
#define HAVE_ARGZ_H 1
#define HAVE_LIMITS_H 1
#define HAVE_LOCALE_H 1
#define HAVE_NL_TYPES_H 1
#define HAVE_MALLOC_H 1
#define HAVE_STDDEF_H 1
#define HAVE_STDLIB_H 1
#define HAVE_STRING_H 1
#define HAVE_UNISTD_H 1
#define HAVE_SYS_PARAM_H 1
#define HAVE_ASPRINTF 1
#define HAVE_FWPRINTF 1
#define HAVE_GETCWD 1
#define HAVE_GETEGID 1
#define HAVE_GETEUID 1
#define HAVE_GETGID 1
#define HAVE_GETUID 1
#define HAVE_MEMPCPY 1
#define HAVE_MUNMAP 1
#define HAVE_PUTENV 1
#define HAVE_SETENV 1
#define HAVE_SETLOCALE 1
#define HAVE_SNPRINTF 1
#define HAVE_STPCPY 1
#define HAVE_STRCASECMP 1
#define HAVE_STRDUP 1
#define HAVE_STRTOUL 1
#define HAVE_TSEARCH 1
#define HAVE_WCSLEN 1
#define HAVE___ARGZ_COUNT 1
#define HAVE___ARGZ_STRINGIFY 1
#define HAVE___ARGZ_NEXT 1
#define HAVE___FSETLOCKING 1
#define HAVE_DECL__SNPRINTF 0
#define HAVE_DECL__SNWPRINTF 0
#define HAVE_DECL_FEOF_UNLOCKED 1
#define HAVE_DECL_FGETS_UNLOCKED 0
#define HAVE_DECL_GETC_UNLOCKED 1
#define HAVE_ICONV 1
#define ICONV_CONST 
#define HAVE_LANGINFO_CODESET 1
#define HAVE_LC_MESSAGES 1
#define ENABLE_NLS 1
#define HAVE_GETTEXT 1
#define HAVE_DCGETTEXT 1
#define POPT_SOURCE_PATH "/home/peter/WORK/rdock/popt"

configure: exit 0

## ---------------------- ##
## Running config.status. ##
## ---------------------- ##

This file was extended by config.status, which was
generated by GNU Autoconf 2.65.  Invocation command line was

  CONFIG_FILES    = 
  CONFIG_HEADERS  = 
  CONFIG_LINKS    = 
  CONFIG_COMMANDS = 
  $ ./config.status 

on persil

config.status:1004: creating Doxyfile
config.status:1004: creating Makefile
config.status:1107: WARNING:  'Makefile.in' seems to ignore the --datarootdir setting
config.status:1004: creating intl/Makefile
config.status:1107: WARNING:  'intl/Makefile.in' seems to ignore the --datarootdir setting
config.status:1004: creating po/Makefile.in
config.status:1107: WARNING:  'po/Makefile.in.in' seems to ignore the --datarootdir setting
config.status:1004: creating config.h
config.status:1217: executing depfiles commands
config.status:1217: executing default-1 commands

## ---------------------- ##
## Running config.status. ##
## ---------------------- ##

This file was extended by config.status, which was
generated by GNU Autoconf 2.65.  Invocation command line was

  CONFIG_FILES    = 
  CONFIG_HEADERS  = 
  CONFIG_LINKS    = 
  CONFIG_COMMANDS = 
  $ ./config.status config.h

on persil

config.status:1004: creating config.h
